#2026 06 27 13:03:05.897#Z#DEBUG#6601101d-7228-11f1-8ecc-eeee0a8d449c.incident-management-srv#flowable-async-job-executor-thread-14535#
[PollStageAppStatusExecution] 2a586e28-ecc9-4ac0-96e0-cb09cef077e0 [2026-06-27T12:56:56.304489] Added process: "web" (STDOUT, API)#
#2026 06 27 13:03:05.897#Z#DEBUG#6601101d-7228-11f1-8ecc-eeee0a8d449c.incident-management-srv#flowable-async-job-executor-thread-14535#
[PollStageAppStatusExecution] 2a586e28-ecc9-4ac0-96e0-cb09cef077e0 [2026-06-27T12:56:56.315101] Created app with guid 2a586e28-ecc9-4ac0-96e0-cb09cef077e0 (STDOUT, API)#
#2026 06 27 13:03:05.897#Z#DEBUG#6601101d-7228-11f1-8ecc-eeee0a8d449c.incident-management-srv#flowable-async-job-executor-thread-14535#
[PollStageAppStatusExecution] 2a586e28-ecc9-4ac0-96e0-cb09cef077e0 [2026-06-27T12:56:56.452445] Updating process: "web" (STDOUT, API)#
#2026 06 27 13:03:05.897#Z#DEBUG#6601101d-7228-11f1-8ecc-eeee0a8d449c.incident-management-srv#flowable-async-job-executor-thread-14535#
[PollStageAppStatusExecution] 2a586e28-ecc9-4ac0-96e0-cb09cef077e0 [2026-06-27T12:56:56.515977] Scaling process: "web" (STDOUT, API)#
#2026 06 27 13:03:05.897#Z#DEBUG#6601101d-7228-11f1-8ecc-eeee0a8d449c.incident-management-srv#flowable-async-job-executor-thread-14535#
[PollStageAppStatusExecution] 2a586e28-ecc9-4ac0-96e0-cb09cef077e0 [2026-06-27T12:57:25.477393] Uploading app package for app with guid 2a586e28-ecc9-4ac0-96e0-cb09cef077e0 (STDOUT, API)#
#2026 06 27 13:03:05.897#Z#DEBUG#6601101d-7228-11f1-8ecc-eeee0a8d449c.incident-management-srv#flowable-async-job-executor-thread-14535#
[PollStageAppStatusExecution] 2a586e28-ecc9-4ac0-96e0-cb09cef077e0 [2026-06-27T12:57:25.724260] Updated app with guid 2a586e28-ecc9-4ac0-96e0-cb09cef077e0 ({"environment_variables"=>"[PRIVATE DATA HIDDEN]"}) (STDOUT, API)#
#2026 06 27 13:03:05.897#Z#DEBUG#6601101d-7228-11f1-8ecc-eeee0a8d449c.incident-management-srv#flowable-async-job-executor-thread-14535#
[PollStageAppStatusExecution] 2a586e28-ecc9-4ac0-96e0-cb09cef077e0 [2026-06-27T12:57:35.241009] Creating build for app with guid 2a586e28-ecc9-4ac0-96e0-cb09cef077e0 (STDOUT, API)#
#2026 06 27 13:03:05.897#Z#DEBUG#6601101d-7228-11f1-8ecc-eeee0a8d449c.incident-management-srv#flowable-async-job-executor-thread-14535#
[PollStageAppStatusExecution] 2a586e28-ecc9-4ac0-96e0-cb09cef077e0 [2026-06-27T12:57:35.570066] Downloading nodejs_buildpack... (STDOUT, STG)#
#2026 06 27 13:03:05.897#Z#DEBUG#6601101d-7228-11f1-8ecc-eeee0a8d449c.incident-management-srv#flowable-async-job-executor-thread-14535#
[PollStageAppStatusExecution] 2a586e28-ecc9-4ac0-96e0-cb09cef077e0 [2026-06-27T12:57:35.597179] Downloaded nodejs_buildpack (STDOUT, STG)#
#2026 06 27 13:03:05.897#Z#DEBUG#6601101d-7228-11f1-8ecc-eeee0a8d449c.incident-management-srv#flowable-async-job-executor-thread-14535#
[PollStageAppStatusExecution] 2a586e28-ecc9-4ac0-96e0-cb09cef077e0 [2026-06-27T12:57:35.597238] Cell 4401fcd0-006d-4ceb-9b51-aa22a1b186cf creating container for instance c824e1a7-7c4e-434a-aafa-e31548a25422 (STDOUT, STG)#
#2026 06 27 13:03:05.897#Z#DEBUG#6601101d-7228-11f1-8ecc-eeee0a8d449c.incident-management-srv#flowable-async-job-executor-thread-14535#
[PollStageAppStatusExecution] 2a586e28-ecc9-4ac0-96e0-cb09cef077e0 [2026-06-27T12:57:36.357047] Security group rules were updated (STDOUT, STG)#
#2026 06 27 13:03:05.897#Z#DEBUG#6601101d-7228-11f1-8ecc-eeee0a8d449c.incident-management-srv#flowable-async-job-executor-thread-14535#
[PollStageAppStatusExecution] 2a586e28-ecc9-4ac0-96e0-cb09cef077e0 [2026-06-27T12:57:36.458506] Cell 4401fcd0-006d-4ceb-9b51-aa22a1b186cf successfully created container for instance c824e1a7-7c4e-434a-aafa-e31548a25422 (STDOUT, STG)#
#2026 06 27 13:03:05.897#Z#DEBUG#6601101d-7228-11f1-8ecc-eeee0a8d449c.incident-management-srv#flowable-async-job-executor-thread-14535#
[PollStageAppStatusExecution] 2a586e28-ecc9-4ac0-96e0-cb09cef077e0 [2026-06-27T12:57:37.216683] Downloading app package... (STDOUT, STG)#
#2026 06 27 13:03:05.897#Z#DEBUG#6601101d-7228-11f1-8ecc-eeee0a8d449c.incident-management-srv#flowable-async-job-executor-thread-14535#
[PollStageAppStatusExecution] 2a586e28-ecc9-4ac0-96e0-cb09cef077e0 [2026-06-27T12:57:38.401871] Downloaded app package (7M) (STDOUT, STG)#
#2026 06 27 13:03:05.897#Z#DEBUG#6601101d-7228-11f1-8ecc-eeee0a8d449c.incident-management-srv#flowable-async-job-executor-thread-14535#
[PollStageAppStatusExecution] 2a586e28-ecc9-4ac0-96e0-cb09cef077e0 [2026-06-27T12:57:38.508411] -----> Nodejs Buildpack version 1.9.2 (STDOUT, STG)#
#2026 06 27 13:03:05.897#Z#DEBUG#6601101d-7228-11f1-8ecc-eeee0a8d449c.incident-management-srv#flowable-async-job-executor-thread-14535#
[PollStageAppStatusExecution] 2a586e28-ecc9-4ac0-96e0-cb09cef077e0 [2026-06-27T12:57:38.979777] -----> Bootstrapping python (STDOUT, STG)#
#2026 06 27 13:03:05.897#Z#DEBUG#6601101d-7228-11f1-8ecc-eeee0a8d449c.incident-management-srv#flowable-async-job-executor-thread-14535#
[PollStageAppStatusExecution] 2a586e28-ecc9-4ac0-96e0-cb09cef077e0 [2026-06-27T12:57:38.979800] -----> Installing python 3.13.13 (STDOUT, STG)#
#2026 06 27 13:03:05.897#Z#DEBUG#6601101d-7228-11f1-8ecc-eeee0a8d449c.incident-management-srv#flowable-async-job-executor-thread-14535#
[PollStageAppStatusExecution] 2a586e28-ecc9-4ac0-96e0-cb09cef077e0 [2026-06-27T12:57:38.979926] Copy [/tmp/buildpacks/ba6f4cd24dfd2bf0/dependencies/268a5e3743d51a14b86ea9da64439307/python_3.13.13_linux_x64_cflinuxfs4_8311abbf.tgz] (STDOUT, STG)#
#2026 06 27 13:03:05.897#Z#DEBUG#6601101d-7228-11f1-8ecc-eeee0a8d449c.incident-management-srv#flowable-async-job-executor-thread-14535#
[PollStageAppStatusExecution] 2a586e28-ecc9-4ac0-96e0-cb09cef077e0 [2026-06-27T12:57:43.737640] -----> Installing binaries (STDOUT, STG)#
#2026 06 27 13:03:05.897#Z#DEBUG#6601101d-7228-11f1-8ecc-eeee0a8d449c.incident-management-srv#flowable-async-job-executor-thread-14535#
[PollStageAppStatusExecution] 2a586e28-ecc9-4ac0-96e0-cb09cef077e0 [2026-06-27T12:57:43.737732] engines.node (package.json): >=20 (STDOUT, STG)#
#2026 06 27 13:03:05.897#Z#DEBUG#6601101d-7228-11f1-8ecc-eeee0a8d449c.incident-management-srv#flowable-async-job-executor-thread-14535#
[PollStageAppStatusExecution] 2a586e28-ecc9-4ac0-96e0-cb09cef077e0 [2026-06-27T12:57:43.737752] engines.npm (package.json): unspecified (use default) (STDOUT, STG)#
#2026 06 27 13:03:05.897#Z#DEBUG#6601101d-7228-11f1-8ecc-eeee0a8d449c.incident-management-srv#flowable-async-job-executor-thread-14535#
[PollStageAppStatusExecution] 2a586e28-ecc9-4ac0-96e0-cb09cef077e0 [2026-06-27T12:57:43.737846] [31;1m**WARNING**[0m Dangerous semver range (>) in engines.node. See: http://docs.cloudfoundry.org/buildpacks/node/node-tips.html (STDOUT, STG)#
#2026 06 27 13:03:05.897#Z#DEBUG#6601101d-7228-11f1-8ecc-eeee0a8d449c.incident-management-srv#flowable-async-job-executor-thread-14535#
[PollStageAppStatusExecution] 2a586e28-ecc9-4ac0-96e0-cb09cef077e0 [2026-06-27T12:57:43.737937] -----> Installing node 24.15.0 (STDOUT, STG)#
#2026 06 27 13:03:05.897#Z#DEBUG#6601101d-7228-11f1-8ecc-eeee0a8d449c.incident-management-srv#flowable-async-job-executor-thread-14535#
[PollStageAppStatusExecution] 2a586e28-ecc9-4ac0-96e0-cb09cef077e0 [2026-06-27T12:57:43.738121] Copy [/tmp/buildpacks/ba6f4cd24dfd2bf0/dependencies/6441e97e6386f47ec4c16cfdf8db0a17/node_24.15.0_linux_x64_cflinuxfs4_1a62d98b.tgz] (STDOUT, STG)#
#2026 06 27 13:03:05.897#Z#DEBUG#6601101d-7228-11f1-8ecc-eeee0a8d449c.incident-management-srv#flowable-async-job-executor-thread-14535#
[PollStageAppStatusExecution] 2a586e28-ecc9-4ac0-96e0-cb09cef077e0 [2026-06-27T12:57:46.466463] Using default npm version: 11.12.1 (STDOUT, STG)#
#2026 06 27 13:03:05.897#Z#DEBUG#6601101d-7228-11f1-8ecc-eeee0a8d449c.incident-management-srv#flowable-async-job-executor-thread-14535#
[PollStageAppStatusExecution] 2a586e28-ecc9-4ac0-96e0-cb09cef077e0 [2026-06-27T12:57:46.466481] -----> Installing yarn 1.22.22 (STDOUT, STG)#
#2026 06 27 13:03:05.897#Z#DEBUG#6601101d-7228-11f1-8ecc-eeee0a8d449c.incident-management-srv#flowable-async-job-executor-thread-14535#
[PollStageAppStatusExecution] 2a586e28-ecc9-4ac0-96e0-cb09cef077e0 [2026-06-27T12:57:46.466532] Copy [/tmp/buildpacks/ba6f4cd24dfd2bf0/dependencies/e4fe26756e9984a665478d350474fa2e/yarn_1.22.22_linux_noarch_any-stack_b6132b86.tgz] (STDOUT, STG)#
#2026 06 27 13:03:05.897#Z#DEBUG#6601101d-7228-11f1-8ecc-eeee0a8d449c.incident-management-srv#flowable-async-job-executor-thread-14535#
[PollStageAppStatusExecution] 2a586e28-ecc9-4ac0-96e0-cb09cef077e0 [2026-06-27T12:57:46.863658] Installed yarn 1.22.22 (STDOUT, STG)#
#2026 06 27 13:03:05.897#Z#DEBUG#6601101d-7228-11f1-8ecc-eeee0a8d449c.incident-management-srv#flowable-async-job-executor-thread-14535#
[PollStageAppStatusExecution] 2a586e28-ecc9-4ac0-96e0-cb09cef077e0 [2026-06-27T12:57:46.863673] -----> Creating runtime environment (STDOUT, STG)#
#2026 06 27 13:03:05.897#Z#DEBUG#6601101d-7228-11f1-8ecc-eeee0a8d449c.incident-management-srv#flowable-async-job-executor-thread-14535#
[PollStageAppStatusExecution] 2a586e28-ecc9-4ac0-96e0-cb09cef077e0 [2026-06-27T12:57:46.865509] NODE_ENV=production (STDOUT, STG)#
#2026 06 27 13:03:05.897#Z#DEBUG#6601101d-7228-11f1-8ecc-eeee0a8d449c.incident-management-srv#flowable-async-job-executor-thread-14535#
[PollStageAppStatusExecution] 2a586e28-ecc9-4ac0-96e0-cb09cef077e0 [2026-06-27T12:57:46.865518] NODE_HOME=/tmp/contents2442362133/deps/0/node (STDOUT, STG)#
#2026 06 27 13:03:05.897#Z#DEBUG#6601101d-7228-11f1-8ecc-eeee0a8d449c.incident-management-srv#flowable-async-job-executor-thread-14535#
[PollStageAppStatusExecution] 2a586e28-ecc9-4ac0-96e0-cb09cef077e0 [2026-06-27T12:57:46.865520] NODE_MODULES_CACHE=true (STDOUT, STG)#
#2026 06 27 13:03:05.897#Z#DEBUG#6601101d-7228-11f1-8ecc-eeee0a8d449c.incident-management-srv#flowable-async-job-executor-thread-14535#
[PollStageAppStatusExecution] 2a586e28-ecc9-4ac0-96e0-cb09cef077e0 [2026-06-27T12:57:46.865523] NODE_VERBOSE=false (STDOUT, STG)#
#2026 06 27 13:03:05.897#Z#DEBUG#6601101d-7228-11f1-8ecc-eeee0a8d449c.incident-management-srv#flowable-async-job-executor-thread-14535#
[PollStageAppStatusExecution] 2a586e28-ecc9-4ac0-96e0-cb09cef077e0 [2026-06-27T12:57:46.865526] NPM_CONFIG_LOGLEVEL=error (STDOUT, STG)#
#2026 06 27 13:03:05.897#Z#DEBUG#6601101d-7228-11f1-8ecc-eeee0a8d449c.incident-management-srv#flowable-async-job-executor-thread-14535#
[PollStageAppStatusExecution] 2a586e28-ecc9-4ac0-96e0-cb09cef077e0 [2026-06-27T12:57:46.865596] NPM_CONFIG_PRODUCTION=true (STDOUT, STG)#
#2026 06 27 13:03:05.897#Z#DEBUG#6601101d-7228-11f1-8ecc-eeee0a8d449c.incident-management-srv#flowable-async-job-executor-thread-14535#
[PollStageAppStatusExecution] 2a586e28-ecc9-4ac0-96e0-cb09cef077e0 [2026-06-27T12:57:46.865683] -----> Building dependencies (STDOUT, STG)#
#2026 06 27 13:03:05.897#Z#DEBUG#6601101d-7228-11f1-8ecc-eeee0a8d449c.incident-management-srv#flowable-async-job-executor-thread-14535#
[PollStageAppStatusExecution] 2a586e28-ecc9-4ac0-96e0-cb09cef077e0 [2026-06-27T12:57:46.865699] Prebuild detected (node_modules already exists) (STDOUT, STG)#
#2026 06 27 13:03:05.897#Z#DEBUG#6601101d-7228-11f1-8ecc-eeee0a8d449c.incident-management-srv#flowable-async-job-executor-thread-14535#
[PollStageAppStatusExecution] 2a586e28-ecc9-4ac0-96e0-cb09cef077e0 [2026-06-27T12:57:46.865707] Rebuilding any native modules (STDOUT, STG)#
#2026 06 27 13:03:05.897#Z#DEBUG#6601101d-7228-11f1-8ecc-eeee0a8d449c.incident-management-srv#flowable-async-job-executor-thread-14535#
[PollStageAppStatusExecution] 2a586e28-ecc9-4ac0-96e0-cb09cef077e0 [2026-06-27T12:57:47.616702] rebuilt dependencies successfully (STDOUT, STG)#
#2026 06 27 13:03:05.897#Z#DEBUG#6601101d-7228-11f1-8ecc-eeee0a8d449c.incident-management-srv#flowable-async-job-executor-thread-14535#
[PollStageAppStatusExecution] 2a586e28-ecc9-4ac0-96e0-cb09cef077e0 [2026-06-27T12:57:47.618577] npm notice (STDOUT, STG)#
#2026 06 27 13:03:05.897#Z#DEBUG#6601101d-7228-11f1-8ecc-eeee0a8d449c.incident-management-srv#flowable-async-job-executor-thread-14535#
[PollStageAppStatusExecution] 2a586e28-ecc9-4ac0-96e0-cb09cef077e0 [2026-06-27T12:57:47.618590] npm notice New minor version of npm available! 11.12.1 -> 11.17.0 (STDOUT, STG)#
#2026 06 27 13:03:05.897#Z#DEBUG#6601101d-7228-11f1-8ecc-eeee0a8d449c.incident-management-srv#flowable-async-job-executor-thread-14535#
[PollStageAppStatusExecution] 2a586e28-ecc9-4ac0-96e0-cb09cef077e0 [2026-06-27T12:57:47.618594] npm notice Changelog: https://github.com/npm/cli/releases/tag/v11.17.0 (STDOUT, STG)#
#2026 06 27 13:03:05.897#Z#DEBUG#6601101d-7228-11f1-8ecc-eeee0a8d449c.incident-management-srv#flowable-async-job-executor-thread-14535#
[PollStageAppStatusExecution] 2a586e28-ecc9-4ac0-96e0-cb09cef077e0 [2026-06-27T12:57:47.618597] npm notice To update run: npm install -g npm@11.17.0 (STDOUT, STG)#
#2026 06 27 13:03:05.897#Z#DEBUG#6601101d-7228-11f1-8ecc-eeee0a8d449c.incident-management-srv#flowable-async-job-executor-thread-14535#
[PollStageAppStatusExecution] 2a586e28-ecc9-4ac0-96e0-cb09cef077e0 [2026-06-27T12:57:47.618599] npm notice (STDOUT, STG)#
#2026 06 27 13:03:05.897#Z#DEBUG#6601101d-7228-11f1-8ecc-eeee0a8d449c.incident-management-srv#flowable-async-job-executor-thread-14535#
[PollStageAppStatusExecution] 2a586e28-ecc9-4ac0-96e0-cb09cef077e0 [2026-06-27T12:57:47.683585] Installing any new modules (package.json + package-lock.json) (STDOUT, STG)#
#2026 06 27 13:03:05.897#Z#DEBUG#6601101d-7228-11f1-8ecc-eeee0a8d449c.incident-management-srv#flowable-async-job-executor-thread-14535#
[PollStageAppStatusExecution] 2a586e28-ecc9-4ac0-96e0-cb09cef077e0 [2026-06-27T12:57:48.888471] removed 62 packages in 1s (STDOUT, STG)#
#2026 06 27 13:03:05.897#Z#DEBUG#6601101d-7228-11f1-8ecc-eeee0a8d449c.incident-management-srv#flowable-async-job-executor-thread-14535#
[PollStageAppStatusExecution] 2a586e28-ecc9-4ac0-96e0-cb09cef077e0 [2026-06-27T12:57:48.888808] 28 packages are looking for funding (STDOUT, STG)#
#2026 06 27 13:03:05.897#Z#DEBUG#6601101d-7228-11f1-8ecc-eeee0a8d449c.incident-management-srv#flowable-async-job-executor-thread-14535#
[PollStageAppStatusExecution] 2a586e28-ecc9-4ac0-96e0-cb09cef077e0 [2026-06-27T12:57:48.888912] run `npm fund` for details (STDOUT, STG)#
#2026 06 27 13:03:05.897#Z#DEBUG#6601101d-7228-11f1-8ecc-eeee0a8d449c.incident-management-srv#flowable-async-job-executor-thread-14535#
[PollStageAppStatusExecution] 2a586e28-ecc9-4ac0-96e0-cb09cef077e0 [2026-06-27T12:57:49.776365] Contrast Security no credentials found. Will not write environment files. (STDOUT, STG)#
#2026 06 27 13:03:05.897#Z#DEBUG#6601101d-7228-11f1-8ecc-eeee0a8d449c.incident-management-srv#flowable-async-job-executor-thread-14535#
[PollStageAppStatusExecution] 2a586e28-ecc9-4ac0-96e0-cb09cef077e0 [2026-06-27T12:58:00.874629] Exit status 0 (STDOUT, STG)#
#2026 06 27 13:03:05.897#Z#DEBUG#6601101d-7228-11f1-8ecc-eeee0a8d449c.incident-management-srv#flowable-async-job-executor-thread-14535#
[PollStageAppStatusExecution] 2a586e28-ecc9-4ac0-96e0-cb09cef077e0 [2026-06-27T12:58:00.874659] Uploading droplet, build artifacts cache... (STDOUT, STG)#
#2026 06 27 13:03:05.897#Z#DEBUG#6601101d-7228-11f1-8ecc-eeee0a8d449c.incident-management-srv#flowable-async-job-executor-thread-14535#
[PollStageAppStatusExecution] 2a586e28-ecc9-4ac0-96e0-cb09cef077e0 [2026-06-27T12:58:00.874692] Uploading droplet... (STDOUT, STG)#
#2026 06 27 13:03:05.897#Z#DEBUG#6601101d-7228-11f1-8ecc-eeee0a8d449c.incident-management-srv#flowable-async-job-executor-thread-14535#
[PollStageAppStatusExecution] 2a586e28-ecc9-4ac0-96e0-cb09cef077e0 [2026-06-27T12:58:00.874946] Uploading build artifacts cache... (STDOUT, STG)#
#2026 06 27 13:03:05.897#Z#DEBUG#6601101d-7228-11f1-8ecc-eeee0a8d449c.incident-management-srv#flowable-async-job-executor-thread-14535#
[PollStageAppStatusExecution] 2a586e28-ecc9-4ac0-96e0-cb09cef077e0 [2026-06-27T12:58:00.914998] Uploaded build artifacts cache (217B) (STDOUT, STG)#
#2026 06 27 13:03:05.897#Z#DEBUG#6601101d-7228-11f1-8ecc-eeee0a8d449c.incident-management-srv#flowable-async-job-executor-thread-14535#
[PollStageAppStatusExecution] 2a586e28-ecc9-4ac0-96e0-cb09cef077e0 [2026-06-27T12:58:01.727103] Creating droplet for app with guid 2a586e28-ecc9-4ac0-96e0-cb09cef077e0 (STDOUT, API)#
#2026 06 27 13:03:05.897#Z#DEBUG#6601101d-7228-11f1-8ecc-eeee0a8d449c.incident-management-srv#flowable-async-job-executor-thread-14535#
[PollStageAppStatusExecution] 2a586e28-ecc9-4ac0-96e0-cb09cef077e0 [2026-06-27T12:58:02.821244] Uploaded droplet (59.5M) (STDOUT, STG)#
#2026 06 27 13:03:05.897#Z#DEBUG#6601101d-7228-11f1-8ecc-eeee0a8d449c.incident-management-srv#flowable-async-job-executor-thread-14535#
[PollStageAppStatusExecution] 2a586e28-ecc9-4ac0-96e0-cb09cef077e0 [2026-06-27T12:58:02.842731] Uploading complete (STDOUT, STG)#
#2026 06 27 13:03:05.897#Z#DEBUG#6601101d-7228-11f1-8ecc-eeee0a8d449c.incident-management-srv#flowable-async-job-executor-thread-14535#
[PollStageAppStatusExecution] 2a586e28-ecc9-4ac0-96e0-cb09cef077e0 [2026-06-27T12:58:03.674347] Cell 4401fcd0-006d-4ceb-9b51-aa22a1b186cf stopping instance c824e1a7-7c4e-434a-aafa-e31548a25422 (STDOUT, STG)#
#2026 06 27 13:03:05.897#Z#DEBUG#6601101d-7228-11f1-8ecc-eeee0a8d449c.incident-management-srv#flowable-async-job-executor-thread-14535#
[PollStageAppStatusExecution] 2a586e28-ecc9-4ac0-96e0-cb09cef077e0 [2026-06-27T12:58:03.674376] Cell 4401fcd0-006d-4ceb-9b51-aa22a1b186cf destroying container for instance c824e1a7-7c4e-434a-aafa-e31548a25422 (STDOUT, STG)#
#2026 06 27 13:03:05.897#Z#DEBUG#6601101d-7228-11f1-8ecc-eeee0a8d449c.incident-management-srv#flowable-async-job-executor-thread-14535#
[PollStageAppStatusExecution] 2a586e28-ecc9-4ac0-96e0-cb09cef077e0 [2026-06-27T12:58:03.757207] Staging complete for build c824e1a7-7c4e-434a-aafa-e31548a25422 (STDOUT, API)#
#2026 06 27 13:03:05.897#Z#DEBUG#6601101d-7228-11f1-8ecc-eeee0a8d449c.incident-management-srv#flowable-async-job-executor-thread-14535#
[PollStageAppStatusExecution] 2a586e28-ecc9-4ac0-96e0-cb09cef077e0 [2026-06-27T12:58:05.157079] Updated app with guid 2a586e28-ecc9-4ac0-96e0-cb09cef077e0 ({:droplet_guid=>"de0d10fc-a0c9-48d8-821c-c76f1e023124"}) (STDOUT, API)#
#2026 06 27 13:03:05.897#Z#DEBUG#6601101d-7228-11f1-8ecc-eeee0a8d449c.incident-management-srv#flowable-async-job-executor-thread-14535#
[PollStageAppStatusExecution] 2a586e28-ecc9-4ac0-96e0-cb09cef077e0 [2026-06-27T12:58:05.367224] Creating revision for app with guid 2a586e28-ecc9-4ac0-96e0-cb09cef077e0 (STDOUT, API)#
#2026 06 27 13:03:05.897#Z#DEBUG#6601101d-7228-11f1-8ecc-eeee0a8d449c.incident-management-srv#flowable-async-job-executor-thread-14535#
[PollStageAppStatusExecution] 2a586e28-ecc9-4ac0-96e0-cb09cef077e0 [2026-06-27T12:58:05.427099] Starting app with guid 2a586e28-ecc9-4ac0-96e0-cb09cef077e0 (STDOUT, API)#
#2026 06 27 13:03:05.897#Z#DEBUG#6601101d-7228-11f1-8ecc-eeee0a8d449c.incident-management-srv#flowable-async-job-executor-thread-14535#
[PollStageAppStatusExecution] 2a586e28-ecc9-4ac0-96e0-cb09cef077e0 [2026-06-27T12:58:05.695384] Cell 54b50d35-322b-4617-baa3-c13476b47cb5 creating container for instance a73b0bff-38e3-4a01-7d22-7d3e (STDOUT, CELL)#
#2026 06 27 13:03:05.897#Z#DEBUG#6601101d-7228-11f1-8ecc-eeee0a8d449c.incident-management-srv#flowable-async-job-executor-thread-14535#
[PollStageAppStatusExecution] 2a586e28-ecc9-4ac0-96e0-cb09cef077e0 [2026-06-27T12:58:06.463777] Security group rules were updated (STDOUT, CELL)#
#2026 06 27 13:03:05.897#Z#DEBUG#6601101d-7228-11f1-8ecc-eeee0a8d449c.incident-management-srv#flowable-async-job-executor-thread-14535#
[PollStageAppStatusExecution] 2a586e28-ecc9-4ac0-96e0-cb09cef077e0 [2026-06-27T12:58:06.607490] Cell 54b50d35-322b-4617-baa3-c13476b47cb5 successfully created container for instance a73b0bff-38e3-4a01-7d22-7d3e (STDOUT, CELL)#
#2026 06 27 13:03:05.897#Z#DEBUG#6601101d-7228-11f1-8ecc-eeee0a8d449c.incident-management-srv#flowable-async-job-executor-thread-14535#
[PollStageAppStatusExecution] 2a586e28-ecc9-4ac0-96e0-cb09cef077e0 [2026-06-27T12:58:06.651461] Cell 4401fcd0-006d-4ceb-9b51-aa22a1b186cf successfully destroyed container for instance c824e1a7-7c4e-434a-aafa-e31548a25422 (STDOUT, STG)#
#2026 06 27 13:03:05.897#Z#DEBUG#6601101d-7228-11f1-8ecc-eeee0a8d449c.incident-management-srv#flowable-async-job-executor-thread-14535#
[PollStageAppStatusExecution] 2a586e28-ecc9-4ac0-96e0-cb09cef077e0 [2026-06-27T12:58:07.703536] Downloading droplet... (STDOUT, CELL)#
#2026 06 27 13:03:05.897#Z#DEBUG#6601101d-7228-11f1-8ecc-eeee0a8d449c.incident-management-srv#flowable-async-job-executor-thread-14535#
[PollStageAppStatusExecution] 2a586e28-ecc9-4ac0-96e0-cb09cef077e0 [2026-06-27T12:58:13.194357] Downloaded droplet (59.5M) (STDOUT, CELL)#
#2026 06 27 13:03:05.897#Z#DEBUG#6601101d-7228-11f1-8ecc-eeee0a8d449c.incident-management-srv#flowable-async-job-executor-thread-14535#
[PollStageAppStatusExecution] 2a586e28-ecc9-4ac0-96e0-cb09cef077e0 [2026-06-27T12:58:13.194731] Starting health monitoring of container (STDOUT, CELL)#
#2026 06 27 13:03:05.897#Z#DEBUG#6601101d-7228-11f1-8ecc-eeee0a8d449c.incident-management-srv#flowable-async-job-executor-thread-14535#
[PollStageAppStatusExecution] 2a586e28-ecc9-4ac0-96e0-cb09cef077e0 [2026-06-27T12:58:13.324952] Invoking pre-start scripts. (STDOUT, APP/PROC/WEB)#
#2026 06 27 13:03:05.897#Z#DEBUG#6601101d-7228-11f1-8ecc-eeee0a8d449c.incident-management-srv#flowable-async-job-executor-thread-14535#
[PollStageAppStatusExecution] 2a586e28-ecc9-4ac0-96e0-cb09cef077e0 [2026-06-27T12:58:13.624127] Invoking start command. (STDOUT, APP/PROC/WEB)#
#2026 06 27 13:03:05.897#Z#DEBUG#6601101d-7228-11f1-8ecc-eeee0a8d449c.incident-management-srv#flowable-async-job-executor-thread-14535#
[PollStageAppStatusExecution] 2a586e28-ecc9-4ac0-96e0-cb09cef077e0 [2026-06-27T12:58:14.145213] > incident-management@1.0.0 start (STDOUT, APP/PROC/WEB)#
#2026 06 27 13:03:05.897#Z#DEBUG#6601101d-7228-11f1-8ecc-eeee0a8d449c.incident-management-srv#flowable-async-job-executor-thread-14535#
[PollStageAppStatusExecution] 2a586e28-ecc9-4ac0-96e0-cb09cef077e0 [2026-06-27T12:58:14.145229] > cds-serve (STDOUT, APP/PROC/WEB)#
#2026 06 27 13:03:05.897#Z#DEBUG#6601101d-7228-11f1-8ecc-eeee0a8d449c.incident-management-srv#flowable-async-job-executor-thread-14535#
[PollStageAppStatusExecution] 2a586e28-ecc9-4ac0-96e0-cb09cef077e0 [2026-06-27T12:58:14.599243] {"level":"info","logger":"cds","timestamp":"2026-06-27T12:58:14.597Z","layer":"cds","component_type":"application","container_id":"10.32.1.6","component_id":"2a586e28-ecc9-4ac0-96e0-cb09cef077e0","component_name":"incident-management-srv","component_instance":0,"source_instance":0,"organization_name":"490c6667trial","organization_id":"69e2468b-014f-4e1a-8f6a-caaaf030c578","space_name":"dev","space_id":"0b895721-1991-40af-b3b7-5cbd20b68bc8","msg":"loaded model from 1 file(s):\n ","type":"log"} (STDOUT, APP/PROC/WEB)#
#2026 06 27 13:03:05.897#Z#DEBUG#6601101d-7228-11f1-8ecc-eeee0a8d449c.incident-management-srv#flowable-async-job-executor-thread-14535#
[PollStageAppStatusExecution] 2a586e28-ecc9-4ac0-96e0-cb09cef077e0 [2026-06-27T12:58:14.599859] srv/csn.json (STDOUT, APP/PROC/WEB)#
#2026 06 27 13:03:05.897#Z#DEBUG#6601101d-7228-11f1-8ecc-eeee0a8d449c.incident-management-srv#flowable-async-job-executor-thread-14535#
[PollStageAppStatusExecution] 2a586e28-ecc9-4ac0-96e0-cb09cef077e0 [2026-06-27T12:58:14.917509] {"level":"info","logger":"cds","timestamp":"2026-06-27T12:58:14.916Z","layer":"cds","component_type":"application","container_id":"10.32.1.6","component_id":"2a586e28-ecc9-4ac0-96e0-cb09cef077e0","component_name":"incident-management-srv","component_instance":0,"source_instance":0,"organization_name":"490c6667trial","organization_id":"69e2468b-014f-4e1a-8f6a-caaaf030c578","space_name":"dev","space_id":"0b895721-1991-40af-b3b7-5cbd20b68bc8","msg":"connect to db > hana {\n  database_id: '03ba871c-4624-48e6-bbb4-772414ba527f',\n  host: '03ba871c-4624-48e6-bbb4-772414ba527f.hana.prod-ap21.hanacloud.ondemand.com',\n  port: '443',\n  driver: 'com.sap.db.jdbc.Driver',\n  url: 'jdbc:sap://03ba871c-4624-48e6-bbb4-772414ba527f.hana.prod-ap21.hanacloud.ondemand.com:443?encrypt=true&validateCertificate=true&currentschema=5A98833EDA0D4AC5A502ABF9D3780958',\n  schema: '5A98833EDA0D4AC5A502ABF9D3780958',\n  certificate: '...',\n  hdi_user: '5A98833EDA0D4AC5A502ABF9D3780958_3RK01HVKPM15CU61NBTLFG6F4_DT',\n  hdi_password: '...',\n  user: '5A98833EDA0D4AC5A502ABF9D3780958_3RK01HVKPM15CU61NBTLFG6F4_RT',\n  password: '...'\n}","type":"log"} (STDOUT, APP/PROC/WEB)#
#2026 06 27 13:03:05.897#Z#DEBUG#6601101d-7228-11f1-8ecc-eeee0a8d449c.incident-management-srv#flowable-async-job-executor-thread-14535#
[PollStageAppStatusExecution] 2a586e28-ecc9-4ac0-96e0-cb09cef077e0 [2026-06-27T12:58:14.954139] {"level":"info","logger":"cds","timestamp":"2026-06-27T12:58:14.953Z","layer":"cds","component_type":"application","container_id":"10.32.1.6","component_id":"2a586e28-ecc9-4ac0-96e0-cb09cef077e0","component_name":"incident-management-srv","component_instance":0,"source_instance":0,"organization_name":"490c6667trial","organization_id":"69e2468b-014f-4e1a-8f6a-caaaf030c578","space_name":"dev","space_id":"0b895721-1991-40af-b3b7-5cbd20b68bc8","msg":"using auth strategy { kind: 'xsuaa' }","type":"log"} (STDOUT, APP/PROC/WEB)#
#2026 06 27 13:03:05.897#Z#DEBUG#6601101d-7228-11f1-8ecc-eeee0a8d449c.incident-management-srv#flowable-async-job-executor-thread-14535#
[PollStageAppStatusExecution] 2a586e28-ecc9-4ac0-96e0-cb09cef077e0 [2026-06-27T12:58:15.017064] {"level":"info","logger":"cds","timestamp":"2026-06-27T12:58:15.016Z","layer":"cds","component_type":"application","container_id":"10.32.1.6","component_id":"2a586e28-ecc9-4ac0-96e0-cb09cef077e0","component_name":"incident-management-srv","component_instance":0,"source_instance":0,"organization_name":"490c6667trial","organization_id":"69e2468b-014f-4e1a-8f6a-caaaf030c578","space_name":"dev","space_id":"0b895721-1991-40af-b3b7-5cbd20b68bc8","msg":"serving ProcessorService {\n  at: [ '/odata/v4/processor' ],\n  decl: 'srv/csn.json:630',\n  impl: 'srv/services.js'\n}","type":"log"} (STDOUT, APP/PROC/WEB)#
#2026 06 27 13:03:05.897#Z#DEBUG#6601101d-7228-11f1-8ecc-eeee0a8d449c.incident-management-srv#flowable-async-job-executor-thread-14535#
[PollStageAppStatusExecution] 2a586e28-ecc9-4ac0-96e0-cb09cef077e0 [2026-06-27T12:58:15.017893] {"level":"info","logger":"cds","timestamp":"2026-06-27T12:58:15.017Z","layer":"cds","component_type":"application","container_id":"10.32.1.6","component_id":"2a586e28-ecc9-4ac0-96e0-cb09cef077e0","component_name":"incident-management-srv","component_instance":0,"source_instance":0,"organization_name":"490c6667trial","organization_id":"69e2468b-014f-4e1a-8f6a-caaaf030c578","space_name":"dev","space_id":"0b895721-1991-40af-b3b7-5cbd20b68bc8","msg":"serving AdminService {\n  at: [ '/odata/v4/admin' ],\n  decl: 'srv/csn.json:1115',\n  impl: 'srv/services.js'\n}","type":"log"} (STDOUT, APP/PROC/WEB)#
#2026 06 27 13:03:05.897#Z#DEBUG#6601101d-7228-11f1-8ecc-eeee0a8d449c.incident-management-srv#flowable-async-job-executor-thread-14535#
[PollStageAppStatusExecution] 2a586e28-ecc9-4ac0-96e0-cb09cef077e0 [2026-06-27T12:58:15.031349] {"level":"info","logger":"cds","timestamp":"2026-06-27T12:58:15.031Z","layer":"cds","component_type":"application","container_id":"10.32.1.6","component_id":"2a586e28-ecc9-4ac0-96e0-cb09cef077e0","component_name":"incident-management-srv","component_instance":0,"source_instance":0,"organization_name":"490c6667trial","organization_id":"69e2468b-014f-4e1a-8f6a-caaaf030c578","space_name":"dev","space_id":"0b895721-1991-40af-b3b7-5cbd20b68bc8","msg":"server listening on { url: 'http://localhost:8080' }","type":"log"} (STDOUT, APP/PROC/WEB)#
#2026 06 27 13:03:05.897#Z#DEBUG#6601101d-7228-11f1-8ecc-eeee0a8d449c.incident-management-srv#flowable-async-job-executor-thread-14535#
[PollStageAppStatusExecution] 2a586e28-ecc9-4ac0-96e0-cb09cef077e0 [2026-06-27T12:58:15.032927] {"level":"info","logger":"cds","timestamp":"2026-06-27T12:58:15.032Z","layer":"cds","component_type":"application","container_id":"10.32.1.6","component_id":"2a586e28-ecc9-4ac0-96e0-cb09cef077e0","component_name":"incident-management-srv","component_instance":0,"source_instance":0,"organization_name":"490c6667trial","organization_id":"69e2468b-014f-4e1a-8f6a-caaaf030c578","space_name":"dev","space_id":"0b895721-1991-40af-b3b7-5cbd20b68bc8","msg":"server v9.9.1 launched in 874 ms","type":"log"} (STDOUT, APP/PROC/WEB)#
#2026 06 27 13:03:05.897#Z#DEBUG#6601101d-7228-11f1-8ecc-eeee0a8d449c.incident-management-srv#flowable-async-job-executor-thread-14535#
[PollStageAppStatusExecution] 2a586e28-ecc9-4ac0-96e0-cb09cef077e0 [2026-06-27T12:58:16.283793] Container became healthy (STDOUT, CELL)#
#2026 06 27 13:03:05.897#Z#DEBUG#6601101d-7228-11f1-8ecc-eeee0a8d449c.incident-management-srv#flowable-async-job-executor-thread-14535#
[PollStageAppStatusExecution] 2a586e28-ecc9-4ac0-96e0-cb09cef077e0 [2026-06-27T12:58:16.333892] Process became ready with guid 2a586e28-ecc9-4ac0-96e0-cb09cef077e0 payload: {"instance"=>"a73b0bff-38e3-4a01-7d22-7d3e", "index"=>0, "cell_id"=>"54b50d35-322b-4617-baa3-c13476b47cb5", "ready"=>true, "version"=>"8c4b6423-0209-4406-a3c7-e2b6b6184636"} (STDOUT, API)#
#2026 06 27 13:03:05.897#Z#DEBUG#6601101d-7228-11f1-8ecc-eeee0a8d449c.incident-management-srv#flowable-async-job-executor-thread-14535#
[PollStageAppStatusExecution] 2a586e28-ecc9-4ac0-96e0-cb09cef077e0 [2026-06-27T13:02:16.570070] Updated app with guid 2a586e28-ecc9-4ac0-96e0-cb09cef077e0 ({"lifecycle"=>{"data"=>{"buildpacks"=>["nodejs_buildpack"]}, "type"=>"buildpack"}}) (STDOUT, API)#
#2026 06 27 13:03:05.897#Z#DEBUG#6601101d-7228-11f1-8ecc-eeee0a8d449c.incident-management-srv#flowable-async-job-executor-thread-14535#
[PollStageAppStatusExecution] 2a586e28-ecc9-4ac0-96e0-cb09cef077e0 [2026-06-27T13:02:16.704234] Updating process: "web" (STDOUT, API)#
#2026 06 27 13:03:05.897#Z#DEBUG#6601101d-7228-11f1-8ecc-eeee0a8d449c.incident-management-srv#flowable-async-job-executor-thread-14535#
[PollStageAppStatusExecution] 2a586e28-ecc9-4ac0-96e0-cb09cef077e0 [2026-06-27T13:02:46.271241] Uploading app package for app with guid 2a586e28-ecc9-4ac0-96e0-cb09cef077e0 (STDOUT, API)#
#2026 06 27 13:03:05.897#Z#DEBUG#6601101d-7228-11f1-8ecc-eeee0a8d449c.incident-management-srv#flowable-async-job-executor-thread-14535#
[PollStageAppStatusExecution] 2a586e28-ecc9-4ac0-96e0-cb09cef077e0 [2026-06-27T13:02:46.529334] Updated app with guid 2a586e28-ecc9-4ac0-96e0-cb09cef077e0 ({"environment_variables"=>"[PRIVATE DATA HIDDEN]"}) (STDOUT, API)#
#2026 06 27 13:03:05.897#Z#DEBUG#6601101d-7228-11f1-8ecc-eeee0a8d449c.incident-management-srv#flowable-async-job-executor-thread-14535#
[PollStageAppStatusExecution] 2a586e28-ecc9-4ac0-96e0-cb09cef077e0 [2026-06-27T13:02:56.227290] Stopping app with guid 2a586e28-ecc9-4ac0-96e0-cb09cef077e0 (STDOUT, API)#
#2026 06 27 13:03:05.897#Z#DEBUG#6601101d-7228-11f1-8ecc-eeee0a8d449c.incident-management-srv#flowable-async-job-executor-thread-14535#
[PollStageAppStatusExecution] 2a586e28-ecc9-4ac0-96e0-cb09cef077e0 [2026-06-27T13:02:56.290058] Cell 54b50d35-322b-4617-baa3-c13476b47cb5 stopping instance a73b0bff-38e3-4a01-7d22-7d3e (STDOUT, CELL)#
#2026 06 27 13:03:05.897#Z#DEBUG#6601101d-7228-11f1-8ecc-eeee0a8d449c.incident-management-srv#flowable-async-job-executor-thread-14535#
[PollStageAppStatusExecution] 2a586e28-ecc9-4ac0-96e0-cb09cef077e0 [2026-06-27T13:02:56.499914] Creating build for app with guid 2a586e28-ecc9-4ac0-96e0-cb09cef077e0 (STDOUT, API)#
#2026 06 27 13:03:05.897#Z#DEBUG#6601101d-7228-11f1-8ecc-eeee0a8d449c.incident-management-srv#flowable-async-job-executor-thread-14535#
[PollStageAppStatusExecution] 2a586e28-ecc9-4ac0-96e0-cb09cef077e0 [2026-06-27T13:02:56.810063] Downloading nodejs_buildpack... (STDOUT, STG)#
#2026 06 27 13:03:05.897#Z#DEBUG#6601101d-7228-11f1-8ecc-eeee0a8d449c.incident-management-srv#flowable-async-job-executor-thread-14535#
[PollStageAppStatusExecution] 2a586e28-ecc9-4ac0-96e0-cb09cef077e0 [2026-06-27T13:02:56.827911] Downloaded nodejs_buildpack (STDOUT, STG)#
#2026 06 27 13:03:05.897#Z#DEBUG#6601101d-7228-11f1-8ecc-eeee0a8d449c.incident-management-srv#flowable-async-job-executor-thread-14535#
[PollStageAppStatusExecution] 2a586e28-ecc9-4ac0-96e0-cb09cef077e0 [2026-06-27T13:02:56.832027] Cell 1ea14514-f0fe-461c-9aa9-a53bbe093b00 creating container for instance 14385975-a375-4946-b097-b347ebac1c87 (STDOUT, STG)#
#2026 06 27 13:03:05.897#Z#DEBUG#6601101d-7228-11f1-8ecc-eeee0a8d449c.incident-management-srv#flowable-async-job-executor-thread-14535#
[PollStageAppStatusExecution] 2a586e28-ecc9-4ac0-96e0-cb09cef077e0 [2026-06-27T13:02:57.748756] Security group rules were updated (STDOUT, STG)#
#2026 06 27 13:03:05.897#Z#DEBUG#6601101d-7228-11f1-8ecc-eeee0a8d449c.incident-management-srv#flowable-async-job-executor-thread-14535#
[PollStageAppStatusExecution] 2a586e28-ecc9-4ac0-96e0-cb09cef077e0 [2026-06-27T13:02:57.859706] Cell 1ea14514-f0fe-461c-9aa9-a53bbe093b00 successfully created container for instance 14385975-a375-4946-b097-b347ebac1c87 (STDOUT, STG)#
#2026 06 27 13:03:05.898#Z#DEBUG#6601101d-7228-11f1-8ecc-eeee0a8d449c.incident-management-srv#flowable-async-job-executor-thread-14535#
[PollStageAppStatusExecution] 2a586e28-ecc9-4ac0-96e0-cb09cef077e0 [2026-06-27T13:02:58.420200] Downloading app package... (STDOUT, STG)#
#2026 06 27 13:03:05.898#Z#DEBUG#6601101d-7228-11f1-8ecc-eeee0a8d449c.incident-management-srv#flowable-async-job-executor-thread-14535#
[PollStageAppStatusExecution] 2a586e28-ecc9-4ac0-96e0-cb09cef077e0 [2026-06-27T13:02:58.420221] Downloading build artifacts cache... (STDOUT, STG)#
#2026 06 27 13:03:05.898#Z#DEBUG#6601101d-7228-11f1-8ecc-eeee0a8d449c.incident-management-srv#flowable-async-job-executor-thread-14535#
[PollStageAppStatusExecution] 2a586e28-ecc9-4ac0-96e0-cb09cef077e0 [2026-06-27T13:02:58.459645] Downloaded build artifacts cache (217B) (STDOUT, STG)#
#2026 06 27 13:03:05.898#Z#DEBUG#6601101d-7228-11f1-8ecc-eeee0a8d449c.incident-management-srv#flowable-async-job-executor-thread-14535#
[PollStageAppStatusExecution] 2a586e28-ecc9-4ac0-96e0-cb09cef077e0 [2026-06-27T13:02:59.698305] Downloaded app package (7M) (STDOUT, STG)#
#2026 06 27 13:03:05.898#Z#DEBUG#6601101d-7228-11f1-8ecc-eeee0a8d449c.incident-management-srv#flowable-async-job-executor-thread-14535#
[PollStageAppStatusExecution] 2a586e28-ecc9-4ac0-96e0-cb09cef077e0 [2026-06-27T13:02:59.827781] -----> Nodejs Buildpack version 1.9.2 (STDOUT, STG)#
#2026 06 27 13:03:05.898#Z#DEBUG#6601101d-7228-11f1-8ecc-eeee0a8d449c.incident-management-srv#flowable-async-job-executor-thread-14535#
[PollStageAppStatusExecution] 2a586e28-ecc9-4ac0-96e0-cb09cef077e0 [2026-06-27T13:03:00.369068] -----> Bootstrapping python (STDOUT, STG)#
#2026 06 27 13:03:05.898#Z#DEBUG#6601101d-7228-11f1-8ecc-eeee0a8d449c.incident-management-srv#flowable-async-job-executor-thread-14535#
[PollStageAppStatusExecution] 2a586e28-ecc9-4ac0-96e0-cb09cef077e0 [2026-06-27T13:03:00.369089] -----> Installing python 3.13.13 (STDOUT, STG)#
#2026 06 27 13:03:05.898#Z#DEBUG#6601101d-7228-11f1-8ecc-eeee0a8d449c.incident-management-srv#flowable-async-job-executor-thread-14535#
[PollStageAppStatusExecution] 2a586e28-ecc9-4ac0-96e0-cb09cef077e0 [2026-06-27T13:03:00.369240] Copy [/tmp/buildpacks/ba6f4cd24dfd2bf0/dependencies/268a5e3743d51a14b86ea9da64439307/python_3.13.13_linux_x64_cflinuxfs4_8311abbf.tgz] (STDOUT, STG)#
#2026 06 27 13:03:15.861#Z#DEBUG#6601101d-7228-11f1-8ecc-eeee0a8d449c.incident-management-srv#flowable-async-job-executor-thread-14539#
[PollStageAppStatusExecution] 2a586e28-ecc9-4ac0-96e0-cb09cef077e0 [2026-06-27T13:03:05.793914] -----> Installing binaries (STDOUT, STG)#
#2026 06 27 13:03:15.861#Z#DEBUG#6601101d-7228-11f1-8ecc-eeee0a8d449c.incident-management-srv#flowable-async-job-executor-thread-14539#
[PollStageAppStatusExecution] 2a586e28-ecc9-4ac0-96e0-cb09cef077e0 [2026-06-27T13:03:05.794138] engines.node (package.json): >=20 (STDOUT, STG)#
#2026 06 27 13:03:15.861#Z#DEBUG#6601101d-7228-11f1-8ecc-eeee0a8d449c.incident-management-srv#flowable-async-job-executor-thread-14539#
[PollStageAppStatusExecution] 2a586e28-ecc9-4ac0-96e0-cb09cef077e0 [2026-06-27T13:03:05.794154] engines.npm (package.json): unspecified (use default) (STDOUT, STG)#
#2026 06 27 13:03:15.861#Z#DEBUG#6601101d-7228-11f1-8ecc-eeee0a8d449c.incident-management-srv#flowable-async-job-executor-thread-14539#
[PollStageAppStatusExecution] 2a586e28-ecc9-4ac0-96e0-cb09cef077e0 [2026-06-27T13:03:05.794160] [31;1m**WARNING**[0m Dangerous semver range (>) in engines.node. See: http://docs.cloudfoundry.org/buildpacks/node/node-tips.html (STDOUT, STG)#
#2026 06 27 13:03:15.861#Z#DEBUG#6601101d-7228-11f1-8ecc-eeee0a8d449c.incident-management-srv#flowable-async-job-executor-thread-14539#
[PollStageAppStatusExecution] 2a586e28-ecc9-4ac0-96e0-cb09cef077e0 [2026-06-27T13:03:05.794177] -----> Installing node 24.15.0 (STDOUT, STG)#
#2026 06 27 13:03:15.861#Z#DEBUG#6601101d-7228-11f1-8ecc-eeee0a8d449c.incident-management-srv#flowable-async-job-executor-thread-14539#
[PollStageAppStatusExecution] 2a586e28-ecc9-4ac0-96e0-cb09cef077e0 [2026-06-27T13:03:05.794698] Copy [/tmp/buildpacks/ba6f4cd24dfd2bf0/dependencies/6441e97e6386f47ec4c16cfdf8db0a17/node_24.15.0_linux_x64_cflinuxfs4_1a62d98b.tgz] (STDOUT, STG)#
#2026 06 27 13:03:15.861#Z#DEBUG#6601101d-7228-11f1-8ecc-eeee0a8d449c.incident-management-srv#flowable-async-job-executor-thread-14539#
[PollStageAppStatusExecution] 2a586e28-ecc9-4ac0-96e0-cb09cef077e0 [2026-06-27T13:03:08.825234] Using default npm version: 11.12.1 (STDOUT, STG)#
#2026 06 27 13:03:15.861#Z#DEBUG#6601101d-7228-11f1-8ecc-eeee0a8d449c.incident-management-srv#flowable-async-job-executor-thread-14539#
[PollStageAppStatusExecution] 2a586e28-ecc9-4ac0-96e0-cb09cef077e0 [2026-06-27T13:03:08.825323] -----> Installing yarn 1.22.22 (STDOUT, STG)#
#2026 06 27 13:03:15.861#Z#DEBUG#6601101d-7228-11f1-8ecc-eeee0a8d449c.incident-management-srv#flowable-async-job-executor-thread-14539#
[PollStageAppStatusExecution] 2a586e28-ecc9-4ac0-96e0-cb09cef077e0 [2026-06-27T13:03:08.825395] Copy [/tmp/buildpacks/ba6f4cd24dfd2bf0/dependencies/e4fe26756e9984a665478d350474fa2e/yarn_1.22.22_linux_noarch_any-stack_b6132b86.tgz] (STDOUT, STG)#
#2026 06 27 13:03:15.861#Z#DEBUG#6601101d-7228-11f1-8ecc-eeee0a8d449c.incident-management-srv#flowable-async-job-executor-thread-14539#
[PollStageAppStatusExecution] 2a586e28-ecc9-4ac0-96e0-cb09cef077e0 [2026-06-27T13:03:09.239435] Installed yarn 1.22.22 (STDOUT, STG)#
#2026 06 27 13:03:15.861#Z#DEBUG#6601101d-7228-11f1-8ecc-eeee0a8d449c.incident-management-srv#flowable-async-job-executor-thread-14539#
[PollStageAppStatusExecution] 2a586e28-ecc9-4ac0-96e0-cb09cef077e0 [2026-06-27T13:03:09.239583] -----> Creating runtime environment (STDOUT, STG)#
#2026 06 27 13:03:15.861#Z#DEBUG#6601101d-7228-11f1-8ecc-eeee0a8d449c.incident-management-srv#flowable-async-job-executor-thread-14539#
[PollStageAppStatusExecution] 2a586e28-ecc9-4ac0-96e0-cb09cef077e0 [2026-06-27T13:03:09.241457] NODE_ENV=production (STDOUT, STG)#
#2026 06 27 13:03:15.861#Z#DEBUG#6601101d-7228-11f1-8ecc-eeee0a8d449c.incident-management-srv#flowable-async-job-executor-thread-14539#
[PollStageAppStatusExecution] 2a586e28-ecc9-4ac0-96e0-cb09cef077e0 [2026-06-27T13:03:09.241468] NODE_HOME=/tmp/contents2683455334/deps/0/node (STDOUT, STG)#
#2026 06 27 13:03:15.861#Z#DEBUG#6601101d-7228-11f1-8ecc-eeee0a8d449c.incident-management-srv#flowable-async-job-executor-thread-14539#
[PollStageAppStatusExecution] 2a586e28-ecc9-4ac0-96e0-cb09cef077e0 [2026-06-27T13:03:09.241471] NODE_MODULES_CACHE=true (STDOUT, STG)#
#2026 06 27 13:03:15.861#Z#DEBUG#6601101d-7228-11f1-8ecc-eeee0a8d449c.incident-management-srv#flowable-async-job-executor-thread-14539#
[PollStageAppStatusExecution] 2a586e28-ecc9-4ac0-96e0-cb09cef077e0 [2026-06-27T13:03:09.241477] NODE_VERBOSE=false (STDOUT, STG)#
#2026 06 27 13:03:15.861#Z#DEBUG#6601101d-7228-11f1-8ecc-eeee0a8d449c.incident-management-srv#flowable-async-job-executor-thread-14539#
[PollStageAppStatusExecution] 2a586e28-ecc9-4ac0-96e0-cb09cef077e0 [2026-06-27T13:03:09.241480] NPM_CONFIG_LOGLEVEL=error (STDOUT, STG)#
#2026 06 27 13:03:15.861#Z#DEBUG#6601101d-7228-11f1-8ecc-eeee0a8d449c.incident-management-srv#flowable-async-job-executor-thread-14539#
[PollStageAppStatusExecution] 2a586e28-ecc9-4ac0-96e0-cb09cef077e0 [2026-06-27T13:03:09.241484] NPM_CONFIG_PRODUCTION=true (STDOUT, STG)#
#2026 06 27 13:03:15.861#Z#DEBUG#6601101d-7228-11f1-8ecc-eeee0a8d449c.incident-management-srv#flowable-async-job-executor-thread-14539#
[PollStageAppStatusExecution] 2a586e28-ecc9-4ac0-96e0-cb09cef077e0 [2026-06-27T13:03:09.241637] -----> Building dependencies (STDOUT, STG)#
#2026 06 27 13:03:15.861#Z#DEBUG#6601101d-7228-11f1-8ecc-eeee0a8d449c.incident-management-srv#flowable-async-job-executor-thread-14539#
[PollStageAppStatusExecution] 2a586e28-ecc9-4ac0-96e0-cb09cef077e0 [2026-06-27T13:03:09.241677] Prebuild detected (node_modules already exists) (STDOUT, STG)#
#2026 06 27 13:03:15.861#Z#DEBUG#6601101d-7228-11f1-8ecc-eeee0a8d449c.incident-management-srv#flowable-async-job-executor-thread-14539#
[PollStageAppStatusExecution] 2a586e28-ecc9-4ac0-96e0-cb09cef077e0 [2026-06-27T13:03:09.241682] Rebuilding any native modules (STDOUT, STG)#
#2026 06 27 13:03:15.861#Z#DEBUG#6601101d-7228-11f1-8ecc-eeee0a8d449c.incident-management-srv#flowable-async-job-executor-thread-14539#
[PollStageAppStatusExecution] 2a586e28-ecc9-4ac0-96e0-cb09cef077e0 [2026-06-27T13:03:10.006157] rebuilt dependencies successfully (STDOUT, STG)#
#2026 06 27 13:03:15.861#Z#DEBUG#6601101d-7228-11f1-8ecc-eeee0a8d449c.incident-management-srv#flowable-async-job-executor-thread-14539#
[PollStageAppStatusExecution] 2a586e28-ecc9-4ac0-96e0-cb09cef077e0 [2026-06-27T13:03:10.007908] npm notice (STDOUT, STG)#
#2026 06 27 13:03:15.861#Z#DEBUG#6601101d-7228-11f1-8ecc-eeee0a8d449c.incident-management-srv#flowable-async-job-executor-thread-14539#
[PollStageAppStatusExecution] 2a586e28-ecc9-4ac0-96e0-cb09cef077e0 [2026-06-27T13:03:10.007923] npm notice New minor version of npm available! 11.12.1 -> 11.17.0 (STDOUT, STG)#
#2026 06 27 13:03:15.861#Z#DEBUG#6601101d-7228-11f1-8ecc-eeee0a8d449c.incident-management-srv#flowable-async-job-executor-thread-14539#
[PollStageAppStatusExecution] 2a586e28-ecc9-4ac0-96e0-cb09cef077e0 [2026-06-27T13:03:10.007928] npm notice Changelog: https://github.com/npm/cli/releases/tag/v11.17.0 (STDOUT, STG)#
#2026 06 27 13:03:15.861#Z#DEBUG#6601101d-7228-11f1-8ecc-eeee0a8d449c.incident-management-srv#flowable-async-job-executor-thread-14539#
[PollStageAppStatusExecution] 2a586e28-ecc9-4ac0-96e0-cb09cef077e0 [2026-06-27T13:03:10.007932] npm notice To update run: npm install -g npm@11.17.0 (STDOUT, STG)#
#2026 06 27 13:03:15.861#Z#DEBUG#6601101d-7228-11f1-8ecc-eeee0a8d449c.incident-management-srv#flowable-async-job-executor-thread-14539#
[PollStageAppStatusExecution] 2a586e28-ecc9-4ac0-96e0-cb09cef077e0 [2026-06-27T13:03:10.007936] npm notice (STDOUT, STG)#
#2026 06 27 13:03:15.861#Z#DEBUG#6601101d-7228-11f1-8ecc-eeee0a8d449c.incident-management-srv#flowable-async-job-executor-thread-14539#
[PollStageAppStatusExecution] 2a586e28-ecc9-4ac0-96e0-cb09cef077e0 [2026-06-27T13:03:10.079063] Installing any new modules (package.json + package-lock.json) (STDOUT, STG)#
#2026 06 27 13:03:15.861#Z#DEBUG#6601101d-7228-11f1-8ecc-eeee0a8d449c.incident-management-srv#flowable-async-job-executor-thread-14539#
[PollStageAppStatusExecution] 2a586e28-ecc9-4ac0-96e0-cb09cef077e0 [2026-06-27T13:03:11.382547] removed 62 packages in 1s (STDOUT, STG)#
#2026 06 27 13:03:15.861#Z#DEBUG#6601101d-7228-11f1-8ecc-eeee0a8d449c.incident-management-srv#flowable-async-job-executor-thread-14539#
[PollStageAppStatusExecution] 2a586e28-ecc9-4ac0-96e0-cb09cef077e0 [2026-06-27T13:03:11.382884] 28 packages are looking for funding (STDOUT, STG)#
#2026 06 27 13:03:15.861#Z#DEBUG#6601101d-7228-11f1-8ecc-eeee0a8d449c.incident-management-srv#flowable-async-job-executor-thread-14539#
[PollStageAppStatusExecution] 2a586e28-ecc9-4ac0-96e0-cb09cef077e0 [2026-06-27T13:03:11.382987] run `npm fund` for details (STDOUT, STG)#
#2026 06 27 13:03:15.861#Z#DEBUG#6601101d-7228-11f1-8ecc-eeee0a8d449c.incident-management-srv#flowable-async-job-executor-thread-14539#
[PollStageAppStatusExecution] 2a586e28-ecc9-4ac0-96e0-cb09cef077e0 [2026-06-27T13:03:12.370837] Contrast Security no credentials found. Will not write environment files. (STDOUT, STG)#
#2026 06 27 13:03:35.943#Z#DEBUG#6601101d-7228-11f1-8ecc-eeee0a8d449c.incident-management-srv#flowable-async-job-executor-thread-14550#
[PollStageAppStatusExecution] 2a586e28-ecc9-4ac0-96e0-cb09cef077e0 [2026-06-27T13:03:25.881413] Exit status 0 (STDOUT, STG)#
#2026 06 27 13:03:35.943#Z#DEBUG#6601101d-7228-11f1-8ecc-eeee0a8d449c.incident-management-srv#flowable-async-job-executor-thread-14550#
[PollStageAppStatusExecution] 2a586e28-ecc9-4ac0-96e0-cb09cef077e0 [2026-06-27T13:03:25.881470] Uploading droplet, build artifacts cache... (STDOUT, STG)#
#2026 06 27 13:03:35.943#Z#DEBUG#6601101d-7228-11f1-8ecc-eeee0a8d449c.incident-management-srv#flowable-async-job-executor-thread-14550#
[PollStageAppStatusExecution] 2a586e28-ecc9-4ac0-96e0-cb09cef077e0 [2026-06-27T13:03:25.881527] Uploading droplet... (STDOUT, STG)#
#2026 06 27 13:03:35.943#Z#DEBUG#6601101d-7228-11f1-8ecc-eeee0a8d449c.incident-management-srv#flowable-async-job-executor-thread-14550#
[PollStageAppStatusExecution] 2a586e28-ecc9-4ac0-96e0-cb09cef077e0 [2026-06-27T13:03:25.881886] Uploading build artifacts cache... (STDOUT, STG)#
#2026 06 27 13:03:35.943#Z#DEBUG#6601101d-7228-11f1-8ecc-eeee0a8d449c.incident-management-srv#flowable-async-job-executor-thread-14550#
[PollStageAppStatusExecution] 2a586e28-ecc9-4ac0-96e0-cb09cef077e0 [2026-06-27T13:03:25.916319] Uploaded build artifacts cache (224B) (STDOUT, STG)#
#2026 06 27 13:03:35.943#Z#DEBUG#6601101d-7228-11f1-8ecc-eeee0a8d449c.incident-management-srv#flowable-async-job-executor-thread-14550#
[PollStageAppStatusExecution] 2a586e28-ecc9-4ac0-96e0-cb09cef077e0 [2026-06-27T13:03:26.613245] Creating droplet for app with guid 2a586e28-ecc9-4ac0-96e0-cb09cef077e0 (STDOUT, API)#
#2026 06 27 13:03:35.943#Z#DEBUG#6601101d-7228-11f1-8ecc-eeee0a8d449c.incident-management-srv#flowable-async-job-executor-thread-14550#
[PollStageAppStatusExecution] 2a586e28-ecc9-4ac0-96e0-cb09cef077e0 [2026-06-27T13:03:28.693910] Uploaded droplet (59.5M) (STDOUT, STG)#
#2026 06 27 13:03:35.943#Z#DEBUG#6601101d-7228-11f1-8ecc-eeee0a8d449c.incident-management-srv#flowable-async-job-executor-thread-14550#
[PollStageAppStatusExecution] 2a586e28-ecc9-4ac0-96e0-cb09cef077e0 [2026-06-27T13:03:28.726787] Uploading complete (STDOUT, STG)#
#2026 06 27 13:03:35.943#Z#DEBUG#6601101d-7228-11f1-8ecc-eeee0a8d449c.incident-management-srv#flowable-async-job-executor-thread-14550#
[PollStageAppStatusExecution] 2a586e28-ecc9-4ac0-96e0-cb09cef077e0 [2026-06-27T13:03:29.690997] Cell 1ea14514-f0fe-461c-9aa9-a53bbe093b00 stopping instance 14385975-a375-4946-b097-b347ebac1c87 (STDOUT, STG)#
#2026 06 27 13:03:35.943#Z#DEBUG#6601101d-7228-11f1-8ecc-eeee0a8d449c.incident-management-srv#flowable-async-job-executor-thread-14550#
[PollStageAppStatusExecution] 2a586e28-ecc9-4ac0-96e0-cb09cef077e0 [2026-06-27T13:03:29.691053] Cell 1ea14514-f0fe-461c-9aa9-a53bbe093b00 destroying container for instance 14385975-a375-4946-b097-b347ebac1c87 (STDOUT, STG)#
#2026 06 27 13:03:35.943#Z#DEBUG#6601101d-7228-11f1-8ecc-eeee0a8d449c.incident-management-srv#flowable-async-job-executor-thread-14550#
[PollStageAppStatusExecution] 2a586e28-ecc9-4ac0-96e0-cb09cef077e0 [2026-06-27T13:03:29.745027] Staging complete for build 14385975-a375-4946-b097-b347ebac1c87 (STDOUT, API)#
#2026 06 27 13:03:35.943#Z#DEBUG#6601101d-7228-11f1-8ecc-eeee0a8d449c.incident-management-srv#flowable-async-job-executor-thread-14550#
[PollStageAppStatusExecution] 2a586e28-ecc9-4ac0-96e0-cb09cef077e0 [2026-06-27T13:03:34.317846] Cell 1ea14514-f0fe-461c-9aa9-a53bbe093b00 successfully destroyed container for instance 14385975-a375-4946-b097-b347ebac1c87 (STDOUT, STG)#
#2026 06 27 13:03:45.962#Z#DEBUG#6601101d-7228-11f1-8ecc-eeee0a8d449c.incident-management-srv#flowable-async-job-executor-thread-14556#
[PollStartAppStatusExecution] 2a586e28-ecc9-4ac0-96e0-cb09cef077e0 [2026-06-27T13:03:36.057082] Updated app with guid 2a586e28-ecc9-4ac0-96e0-cb09cef077e0 ({:droplet_guid=>"72afcd91-9e5a-48f3-9461-bea70c2bb4bf"}) (STDOUT, API)#
#2026 06 27 13:03:45.962#Z#DEBUG#6601101d-7228-11f1-8ecc-eeee0a8d449c.incident-management-srv#flowable-async-job-executor-thread-14556#
[PollStartAppStatusExecution] 2a586e28-ecc9-4ac0-96e0-cb09cef077e0 [2026-06-27T13:03:36.316359] Creating revision for app with guid 2a586e28-ecc9-4ac0-96e0-cb09cef077e0 (STDOUT, API)#
#2026 06 27 13:03:45.962#Z#DEBUG#6601101d-7228-11f1-8ecc-eeee0a8d449c.incident-management-srv#flowable-async-job-executor-thread-14556#
[PollStartAppStatusExecution] 2a586e28-ecc9-4ac0-96e0-cb09cef077e0 [2026-06-27T13:03:36.361157] Starting app with guid 2a586e28-ecc9-4ac0-96e0-cb09cef077e0 (STDOUT, API)#
#2026 06 27 13:03:45.962#Z#DEBUG#6601101d-7228-11f1-8ecc-eeee0a8d449c.incident-management-srv#flowable-async-job-executor-thread-14556#
[PollStartAppStatusExecution] 2a586e28-ecc9-4ac0-96e0-cb09cef077e0 [2026-06-27T13:03:36.608840] Cell 54b50d35-322b-4617-baa3-c13476b47cb5 creating container for instance e38097a8-9b43-479f-549c-ed83 (STDOUT, CELL)#
#2026 06 27 13:03:45.962#Z#DEBUG#6601101d-7228-11f1-8ecc-eeee0a8d449c.incident-management-srv#flowable-async-job-executor-thread-14556#
[PollStartAppStatusExecution] 2a586e28-ecc9-4ac0-96e0-cb09cef077e0 [2026-06-27T13:03:37.572303] Security group rules were updated (STDOUT, CELL)#
#2026 06 27 13:03:45.962#Z#DEBUG#6601101d-7228-11f1-8ecc-eeee0a8d449c.incident-management-srv#flowable-async-job-executor-thread-14556#
[PollStartAppStatusExecution] 2a586e28-ecc9-4ac0-96e0-cb09cef077e0 [2026-06-27T13:03:37.685170] Cell 54b50d35-322b-4617-baa3-c13476b47cb5 successfully created container for instance e38097a8-9b43-479f-549c-ed83 (STDOUT, CELL)#
#2026 06 27 13:03:45.962#Z#DEBUG#6601101d-7228-11f1-8ecc-eeee0a8d449c.incident-management-srv#flowable-async-job-executor-thread-14556#
[PollStartAppStatusExecution] 2a586e28-ecc9-4ac0-96e0-cb09cef077e0 [2026-06-27T13:03:39.028458] Downloading droplet... (STDOUT, CELL)#
#2026 06 27 13:03:45.962#Z#DEBUG#6601101d-7228-11f1-8ecc-eeee0a8d449c.incident-management-srv#flowable-async-job-executor-thread-14556#
[PollStartAppStatusExecution] 2a586e28-ecc9-4ac0-96e0-cb09cef077e0 [2026-06-27T13:03:44.283476] Downloaded droplet (59.5M) (STDOUT, CELL)#
#2026 06 27 13:03:45.962#Z#DEBUG#6601101d-7228-11f1-8ecc-eeee0a8d449c.incident-management-srv#flowable-async-job-executor-thread-14556#
[PollStartAppStatusExecution] 2a586e28-ecc9-4ac0-96e0-cb09cef077e0 [2026-06-27T13:03:44.283867] Starting health monitoring of container (STDOUT, CELL)#
#2026 06 27 13:03:45.962#Z#DEBUG#6601101d-7228-11f1-8ecc-eeee0a8d449c.incident-management-srv#flowable-async-job-executor-thread-14556#
[PollStartAppStatusExecution] 2a586e28-ecc9-4ac0-96e0-cb09cef077e0 [2026-06-27T13:03:44.443082] Invoking pre-start scripts. (STDOUT, APP/PROC/WEB)#
#2026 06 27 13:03:45.962#Z#DEBUG#6601101d-7228-11f1-8ecc-eeee0a8d449c.incident-management-srv#flowable-async-job-executor-thread-14556#
[PollStartAppStatusExecution] 2a586e28-ecc9-4ac0-96e0-cb09cef077e0 [2026-06-27T13:03:44.721930] Invoking start command. (STDOUT, APP/PROC/WEB)#
#2026 06 27 13:03:45.962#Z#DEBUG#6601101d-7228-11f1-8ecc-eeee0a8d449c.incident-management-srv#flowable-async-job-executor-thread-14556#
[PollStartAppStatusExecution] 2a586e28-ecc9-4ac0-96e0-cb09cef077e0 [2026-06-27T13:03:45.240962] > incident-management@1.0.0 start (STDOUT, APP/PROC/WEB)#
#2026 06 27 13:03:45.962#Z#DEBUG#6601101d-7228-11f1-8ecc-eeee0a8d449c.incident-management-srv#flowable-async-job-executor-thread-14556#
[PollStartAppStatusExecution] 2a586e28-ecc9-4ac0-96e0-cb09cef077e0 [2026-06-27T13:03:45.240993] > cds-serve (STDOUT, APP/PROC/WEB)#
#2026 06 27 13:03:55.949#Z#DEBUG#6601101d-7228-11f1-8ecc-eeee0a8d449c.incident-management-srv#flowable-async-job-executor-thread-14558#
[PollStartAppStatusExecution] 2a586e28-ecc9-4ac0-96e0-cb09cef077e0 [2026-06-27T13:03:45.683100] {"level":"info","logger":"cds","timestamp":"2026-06-27T13:03:45.681Z","layer":"cds","component_type":"application","container_id":"10.32.1.6","component_id":"2a586e28-ecc9-4ac0-96e0-cb09cef077e0","component_name":"incident-management-srv","component_instance":0,"source_instance":0,"organization_name":"490c6667trial","organization_id":"69e2468b-014f-4e1a-8f6a-caaaf030c578","space_name":"dev","space_id":"0b895721-1991-40af-b3b7-5cbd20b68bc8","msg":"loaded model from 1 file(s):\n ","type":"log"} (STDOUT, APP/PROC/WEB)#
#2026 06 27 13:03:55.949#Z#DEBUG#6601101d-7228-11f1-8ecc-eeee0a8d449c.incident-management-srv#flowable-async-job-executor-thread-14558#
[PollStartAppStatusExecution] 2a586e28-ecc9-4ac0-96e0-cb09cef077e0 [2026-06-27T13:03:45.683638] srv/csn.json (STDOUT, APP/PROC/WEB)#
#2026 06 27 13:03:55.949#Z#DEBUG#6601101d-7228-11f1-8ecc-eeee0a8d449c.incident-management-srv#flowable-async-job-executor-thread-14558#
[PollStartAppStatusExecution] 2a586e28-ecc9-4ac0-96e0-cb09cef077e0 [2026-06-27T13:03:46.005871] {"level":"info","logger":"cds","timestamp":"2026-06-27T13:03:46.005Z","layer":"cds","component_type":"application","container_id":"10.32.1.6","component_id":"2a586e28-ecc9-4ac0-96e0-cb09cef077e0","component_name":"incident-management-srv","component_instance":0,"source_instance":0,"organization_name":"490c6667trial","organization_id":"69e2468b-014f-4e1a-8f6a-caaaf030c578","space_name":"dev","space_id":"0b895721-1991-40af-b3b7-5cbd20b68bc8","msg":"connect to db > hana {\n  database_id: '03ba871c-4624-48e6-bbb4-772414ba527f',\n  host: '03ba871c-4624-48e6-bbb4-772414ba527f.hana.prod-ap21.hanacloud.ondemand.com',\n  port: '443',\n  driver: 'com.sap.db.jdbc.Driver',\n  url: 'jdbc:sap://03ba871c-4624-48e6-bbb4-772414ba527f.hana.prod-ap21.hanacloud.ondemand.com:443?encrypt=true&validateCertificate=true&currentschema=5A98833EDA0D4AC5A502ABF9D3780958',\n  schema: '5A98833EDA0D4AC5A502ABF9D3780958',\n  certificate: '...',\n  hdi_user: '5A98833EDA0D4AC5A502ABF9D3780958_3RK01HVKPM15CU61NBTLFG6F4_DT',\n  hdi_password: '...',\n  user: '5A98833EDA0D4AC5A502ABF9D3780958_3RK01HVKPM15CU61NBTLFG6F4_RT',\n  password: '...'\n}","type":"log"} (STDOUT, APP/PROC/WEB)#
#2026 06 27 13:03:55.949#Z#DEBUG#6601101d-7228-11f1-8ecc-eeee0a8d449c.incident-management-srv#flowable-async-job-executor-thread-14558#
[PollStartAppStatusExecution] 2a586e28-ecc9-4ac0-96e0-cb09cef077e0 [2026-06-27T13:03:46.042672] {"level":"info","logger":"cds","timestamp":"2026-06-27T13:03:46.042Z","layer":"cds","component_type":"application","container_id":"10.32.1.6","component_id":"2a586e28-ecc9-4ac0-96e0-cb09cef077e0","component_name":"incident-management-srv","component_instance":0,"source_instance":0,"organization_name":"490c6667trial","organization_id":"69e2468b-014f-4e1a-8f6a-caaaf030c578","space_name":"dev","space_id":"0b895721-1991-40af-b3b7-5cbd20b68bc8","msg":"using auth strategy { kind: 'xsuaa' }","type":"log"} (STDOUT, APP/PROC/WEB)#
#2026 06 27 13:03:55.949#Z#DEBUG#6601101d-7228-11f1-8ecc-eeee0a8d449c.incident-management-srv#flowable-async-job-executor-thread-14558#
[PollStartAppStatusExecution] 2a586e28-ecc9-4ac0-96e0-cb09cef077e0 [2026-06-27T13:03:46.119230] {"level":"info","logger":"cds","timestamp":"2026-06-27T13:03:46.118Z","layer":"cds","component_type":"application","container_id":"10.32.1.6","component_id":"2a586e28-ecc9-4ac0-96e0-cb09cef077e0","component_name":"incident-management-srv","component_instance":0,"source_instance":0,"organization_name":"490c6667trial","organization_id":"69e2468b-014f-4e1a-8f6a-caaaf030c578","space_name":"dev","space_id":"0b895721-1991-40af-b3b7-5cbd20b68bc8","msg":"serving ProcessorService {\n  at: [ '/odata/v4/processor' ],\n  decl: 'srv/csn.json:630',\n  impl: 'srv/services.js'\n}","type":"log"} (STDOUT, APP/PROC/WEB)#
#2026 06 27 13:03:55.949#Z#DEBUG#6601101d-7228-11f1-8ecc-eeee0a8d449c.incident-management-srv#flowable-async-job-executor-thread-14558#
[PollStartAppStatusExecution] 2a586e28-ecc9-4ac0-96e0-cb09cef077e0 [2026-06-27T13:03:46.120618] {"level":"info","logger":"cds","timestamp":"2026-06-27T13:03:46.120Z","layer":"cds","component_type":"application","container_id":"10.32.1.6","component_id":"2a586e28-ecc9-4ac0-96e0-cb09cef077e0","component_name":"incident-management-srv","component_instance":0,"source_instance":0,"organization_name":"490c6667trial","organization_id":"69e2468b-014f-4e1a-8f6a-caaaf030c578","space_name":"dev","space_id":"0b895721-1991-40af-b3b7-5cbd20b68bc8","msg":"serving AdminService {\n  at: [ '/odata/v4/admin' ],\n  decl: 'srv/csn.json:1115',\n  impl: 'srv/services.js'\n}","type":"log"} (STDOUT, APP/PROC/WEB)#
#2026 06 27 13:03:55.949#Z#DEBUG#6601101d-7228-11f1-8ecc-eeee0a8d449c.incident-management-srv#flowable-async-job-executor-thread-14558#
[PollStartAppStatusExecution] 2a586e28-ecc9-4ac0-96e0-cb09cef077e0 [2026-06-27T13:03:46.131494] {"level":"info","logger":"cds","timestamp":"2026-06-27T13:03:46.131Z","layer":"cds","component_type":"application","container_id":"10.32.1.6","component_id":"2a586e28-ecc9-4ac0-96e0-cb09cef077e0","component_name":"incident-management-srv","component_instance":0,"source_instance":0,"organization_name":"490c6667trial","organization_id":"69e2468b-014f-4e1a-8f6a-caaaf030c578","space_name":"dev","space_id":"0b895721-1991-40af-b3b7-5cbd20b68bc8","msg":"server listening on { url: 'http://localhost:8080' }","type":"log"} (STDOUT, APP/PROC/WEB)#
#2026 06 27 13:03:55.949#Z#DEBUG#6601101d-7228-11f1-8ecc-eeee0a8d449c.incident-management-srv#flowable-async-job-executor-thread-14558#
[PollStartAppStatusExecution] 2a586e28-ecc9-4ac0-96e0-cb09cef077e0 [2026-06-27T13:03:46.133101] {"level":"info","logger":"cds","timestamp":"2026-06-27T13:03:46.132Z","layer":"cds","component_type":"application","container_id":"10.32.1.6","component_id":"2a586e28-ecc9-4ac0-96e0-cb09cef077e0","component_name":"incident-management-srv","component_instance":0,"source_instance":0,"organization_name":"490c6667trial","organization_id":"69e2468b-014f-4e1a-8f6a-caaaf030c578","space_name":"dev","space_id":"0b895721-1991-40af-b3b7-5cbd20b68bc8","msg":"server v9.9.1 launched in 879 ms","type":"log"} (STDOUT, APP/PROC/WEB)#
#2026 06 27 13:03:55.949#Z#DEBUG#6601101d-7228-11f1-8ecc-eeee0a8d449c.incident-management-srv#flowable-async-job-executor-thread-14558#
[PollStartAppStatusExecution] 2a586e28-ecc9-4ac0-96e0-cb09cef077e0 [2026-06-27T13:03:47.443584] Container became healthy (STDOUT, CELL)#
#2026 06 27 13:03:55.949#Z#DEBUG#6601101d-7228-11f1-8ecc-eeee0a8d449c.incident-management-srv#flowable-async-job-executor-thread-14558#
[PollStartAppStatusExecution] 2a586e28-ecc9-4ac0-96e0-cb09cef077e0 [2026-06-27T13:03:47.487829] Process became ready with guid 2a586e28-ecc9-4ac0-96e0-cb09cef077e0 payload: {"instance"=>"e38097a8-9b43-479f-549c-ed83", "index"=>0, "cell_id"=>"54b50d35-322b-4617-baa3-c13476b47cb5", "ready"=>true, "version"=>"2032c237-da8f-460b-82dd-05a8e42189e6"} (STDOUT, API)#
